


ARM Macro Assembler    Page 1 


    1 00000000         ;
    2 00000000         ; CSU11021 Introduction to Computing I 2019/2020
    3 00000000         ; Convert a sequence of ASCII digits to the value they r
                       epresent
    4 00000000         ;
    5 00000000         
    6 00000000                 AREA             RESET, CODE, READONLY
    7 00000000                 ENTRY
    8 00000000         
    9 00000000 E3A01032        LDR              R1, ='2'    ; Load R1 with ASCI
                                                            I code for symbol '
                                                            2'
   10 00000004 E3A02030        LDR              R2, ='0'    ; Load R2 with ASCI
                                                            I code for symbol '
                                                            0'
   11 00000008 E3A03033        LDR              R3, ='3'    ; Load R3 with ASCI
                                                            I code for symbol '
                                                            3'
   12 0000000C E3A04034        LDR              R4, ='4'    ; Load R4 with ASCI
                                                            I code for symbol '
                                                            4'
   13 00000010 E3A05030        LDR              R5, ='0'    ; Load R5 with ASCI
                                                            I code for symbol '
                                                            0', use for convert
                                                            ing to decimal
   14 00000014         
   15 00000014 E0411005        SUB              R1, R1, R5  ; Converts ASCII '2
                                                            ' to decimal 2
   16 00000018 E0422005        SUB              R2, R2, R5  ; Converts ASCII '0
                                                            ' to decimal 0
   17 0000001C E0433005        SUB              R3, R3, R5  ; Converts ASCII '3
                                                            ' to decimal 3
   18 00000020 E0444005        SUB              R4, R4, R5  ; Converts ASCII '4
                                                            ' to decimal 4
   19 00000024         
   20 00000024 E3A05FFA        MOV              R5, #1000   ; For multiplying v
                                                            alue in R1 
   21 00000028 E3A06064        MOV              R6, #100    ; For multiplying v
                                                            alue in R2
   22 0000002C E3A0700A        MOV              R7, #10     ; For multiplying v
                                                            alue in R3
   23 00000030         
   24 00000030 E0010195        MUL              R1, R5, R1  ; Gives us 2000
   25 00000034 E0020296        MUL              R2, R6, R2  ; Gives us 000
   26 00000038 E0030397        MUL              R3, R7, R3  ; Gives us 30
   27 0000003C         
   28 0000003C E0810002        ADD              R0, R1, R2  ; Gives us 2000
   29 00000040 E0800003        ADD              R0, R0, R3  ; Gives us 2030
   30 00000044 E0800004        ADD              R0, R0, R4  ; Gives us 2034
   31 00000048         
   32 00000048         
   33 00000048 EAFFFFFE 
                       STOP    B                STOP
   34 0000004C         
   35 0000004C                 END
Command Line: --debug --xref --diag_suppress=9931 --apcs=interwork --depend=.\o
bjects\lab-1-5-asciivalue.d -o.\objects\lab-1-5-asciivalue.o -IC:\Keil_v5\ARM\R
V31\INC -IC:\Keil_v5\ARM\CMSIS\Include -IC:\Keil_v5\ARM\INC\Philips --predefine
="__EVAL SETA 1" --predefine="__UVISION_VERSION SETA 528" --list=.\listings\lab



ARM Macro Assembler    Page 2 


-1-5-asciivalue.lst Lab-1-5-AsciiValue.s



ARM Macro Assembler    Page 1 Alphabetic symbol ordering
Relocatable symbols

RESET 00000000

Symbol: RESET
   Definitions
      At line 6 in file Lab-1-5-AsciiValue.s
   Uses
      None
Comment: RESET unused
STOP 00000048

Symbol: STOP
   Definitions
      At line 33 in file Lab-1-5-AsciiValue.s
   Uses
      At line 33 in file Lab-1-5-AsciiValue.s
Comment: STOP used once
2 symbols
334 symbols in table
