


ARM Macro Assembler    Page 1 


    1 00000000         ;
    2 00000000         ; CSU11021 Introduction to Computing I 2019/2020
    3 00000000         ; String Reverse
    4 00000000         ;
    5 00000000         
    6 00000000                 AREA             RESET, CODE, READONLY
    7 00000000                 ENTRY
    8 00000000         
    9 00000000 E59F0054        LDR              R0, =tststr ; address of existi
                                                            ng string
   10 00000004 E3A01101        LDR              R1, =0x40000000 ; address for n
                                                            ew string
   11 00000008         
   12 00000008         ;
   13 00000008         ; Write your program here to create the reversed string
   14 00000008         ;
   15 00000008         
   16 00000008 E1A02000        MOV              R2, R0      ; copies contents o
                                                            f R0 to R2
   17 0000000C         while
   18 0000000C E5D23000        LDRB             R3, [R2]    ; loads R2 to R3
   19 00000010 E3530000        CMP              R3, #0      ; if (char != 0)
   20 00000014 0A000001        BEQ              nullch      ; {
   21 00000018 E2822001        ADD              R2, R2, #1  ; address++
   22 0000001C EAFFFFFA        B                while       ; 
   23 00000020         nullch
   24 00000020 E2422001        SUB              R2, R2, #1  ; address--
   25 00000024         ifloop
   26 00000024 E1500002        CMP              R0, R2
   27 00000028 2A000006        BHS              greater     ; if (R0 >= R2), fi
                                                            nished
   28 0000002C E5D03000        LDRB             R3, [R0]    ; swap bytes
   29 00000030 E5D24000        LDRB             R4, [R2]
   30 00000034 E5C13000        STRB             R3, [R1]
   31 00000038 E5C04000        STRB             R4, [R0]
   32 0000003C E2800001        ADD              R0, R0, #1  ; address++
   33 00000040 E2422001        SUB              R2, R2, #1  ; address--
   34 00000044 EAFFFFF6        B                ifloop
   35 00000048         greater
   36 00000048         
   37 00000048 EAFFFFFE 
                       STOP    B                STOP
   38 0000004C         
   39 0000004C 54 68 69 
              73 20 69 
              73 20 61 
              20 74 65 
              73 74 21 
              00       tststr  DCB              "This is a test!",0
   40 0000005C         
   41 0000005C                 END
              00000000 
Command Line: --debug --xref --diag_suppress=9931 --apcs=interwork --depend=.\o
bjects\lab-3-3-strrev.d -o.\objects\lab-3-3-strrev.o -IC:\Keil_v5\ARM\RV31\INC 
-IC:\Keil_v5\ARM\CMSIS\Include -IC:\Keil_v5\ARM\INC\Philips --predefine="__EVAL
 SETA 1" --predefine="__UVISION_VERSION SETA 528" --list=.\listings\lab-3-3-str
rev.lst Lab-3-3-StrRev.s



ARM Macro Assembler    Page 1 Alphabetic symbol ordering
Relocatable symbols

RESET 00000000

Symbol: RESET
   Definitions
      At line 6 in file Lab-3-3-StrRev.s
   Uses
      None
Comment: RESET unused
STOP 00000048

Symbol: STOP
   Definitions
      At line 37 in file Lab-3-3-StrRev.s
   Uses
      At line 37 in file Lab-3-3-StrRev.s
Comment: STOP used once
greater 00000048

Symbol: greater
   Definitions
      At line 35 in file Lab-3-3-StrRev.s
   Uses
      At line 27 in file Lab-3-3-StrRev.s
Comment: greater used once
ifloop 00000024

Symbol: ifloop
   Definitions
      At line 25 in file Lab-3-3-StrRev.s
   Uses
      At line 34 in file Lab-3-3-StrRev.s
Comment: ifloop used once
nullch 00000020

Symbol: nullch
   Definitions
      At line 23 in file Lab-3-3-StrRev.s
   Uses
      At line 20 in file Lab-3-3-StrRev.s
Comment: nullch used once
tststr 0000004C

Symbol: tststr
   Definitions
      At line 39 in file Lab-3-3-StrRev.s
   Uses
      At line 9 in file Lab-3-3-StrRev.s
Comment: tststr used once
while 0000000C

Symbol: while
   Definitions
      At line 17 in file Lab-3-3-StrRev.s
   Uses
      At line 22 in file Lab-3-3-StrRev.s
Comment: while used once
7 symbols
341 symbols in table
