


ARM Macro Assembler    Page 1 


    1 00000000         ;
    2 00000000         ; CSU11021 Introduction to Computing I 2019/2020
    3 00000000         ; String Copy
    4 00000000         ;
    5 00000000         
    6 00000000                 AREA             RESET, CODE, READONLY
    7 00000000                 ENTRY
    8 00000000         
    9 00000000 E59F102C        LDR              R1, =tststr ; address of existi
                                                            ng string
   10 00000004 E3A02101        LDR              R2, =0x40000000 ; address for n
                                                            ew string
   11 00000008         
   12 00000008         ;
   13 00000008         ; Write your program here to create the duplicate string
                       
   14 00000008         ;
   15 00000008         while
   16 00000008 E5D10000        LDRB             R0, [R1]    ; load R0 into R2
   17 0000000C E5C20000        STRB             R0, [R2]    ; store contents of
                                                             R2 into R1
   18 00000010 E2811001        ADD              R1, R1, #1  ; address = address
                                                             + 1
   19 00000014 E2822001        ADD              R2, R2, #1  ; address = address
                                                             + 1
   20 00000018 E3500000        CMP              R0, #0      ; while (char != 0)
                                                             {
   21 0000001C 1AFFFFF9        BNE              while       ; perform this load
                                                            -store instruction 
                                                            set again
   22 00000020         
   23 00000020 EAFFFFFE 
                       STOP    B                STOP
   24 00000024         
   25 00000024 54 68 69 
              73 20 69 
              73 20 61 
              20 74 65 
              73 74 21 
              00       tststr  DCB              "This is a test!",0
   26 00000034         
   27 00000034                 END
              00000000 
Command Line: --debug --xref --diag_suppress=9931 --apcs=interwork --depend=.\o
bjects\lab-3-2-strcpy.d -o.\objects\lab-3-2-strcpy.o -IC:\Keil_v5\ARM\RV31\INC 
-IC:\Keil_v5\ARM\CMSIS\Include -IC:\Keil_v5\ARM\INC\Philips --predefine="__EVAL
 SETA 1" --predefine="__UVISION_VERSION SETA 528" --list=.\listings\lab-3-2-str
cpy.lst Lab-3-2-StrCpy.s



ARM Macro Assembler    Page 1 Alphabetic symbol ordering
Relocatable symbols

RESET 00000000

Symbol: RESET
   Definitions
      At line 6 in file Lab-3-2-StrCpy.s
   Uses
      None
Comment: RESET unused
STOP 00000020

Symbol: STOP
   Definitions
      At line 23 in file Lab-3-2-StrCpy.s
   Uses
      At line 23 in file Lab-3-2-StrCpy.s
Comment: STOP used once
tststr 00000024

Symbol: tststr
   Definitions
      At line 25 in file Lab-3-2-StrCpy.s
   Uses
      At line 9 in file Lab-3-2-StrCpy.s
Comment: tststr used once
while 00000008

Symbol: while
   Definitions
      At line 15 in file Lab-3-2-StrCpy.s
   Uses
      At line 21 in file Lab-3-2-StrCpy.s
Comment: while used once
4 symbols
338 symbols in table
