


ARM Macro Assembler    Page 1 


    1 00000000         ;
    2 00000000         ; CSU11021 Introduction to Computing I 2019/2020
    3 00000000         ; Condition Code Flags
    4 00000000         ;
    5 00000000         
    6 00000000                 AREA             RESET, CODE, READONLY
    7 00000000                 ENTRY
    8 00000000         
    9 00000000 E59F0034        LDR              R0, =0xC0001000
   10 00000004 E59F1034        LDR              R1, =0x51004000
   11 00000008 E0902001        ADDS             R2, R0, R1  ; result? flags? 
   12 0000000C E59F3030        LDR              R3, =0x92004000
   13 00000010 E0534003        SUBS             R4, R3, R3  ; result? flags?
   14 00000014 E59F502C        LDR              R5, =0x74000100
   15 00000018 E59F602C        LDR              R6, =0x40004000
   16 0000001C E0957006        ADDS             R7, R5, R6  ; result? flags?
   17 00000020 E59F1028        LDR              R1, =0x6E0074F2
   18 00000024 E59F2028        LDR              R2, =0x211D6000
   19 00000028 E0910002        ADDS             R0, R1, R2  ; result? flags?
   20 0000002C E59F1024        LDR              R1, =0xBE2FDD2E
   21 00000030 E59F2024        LDR              R2, =0x41D022D2
   22 00000034 E0910002        ADDS             R0, R1, R2  ; result? flags?
   23 00000038         
   24 00000038 EAFFFFFE 
                       STOP    B                STOP
   25 0000003C         
   26 0000003C                 END
              C0001000 
              51004000 
              92004000 
              74000100 
              40004000 
              6E0074F2 
              211D6000 
              BE2FDD2E 
              41D022D2 
Command Line: --debug --xref --diag_suppress=9931 --apcs=interwork --depend=.\o
bjects\lab-3-1-flags.d -o.\objects\lab-3-1-flags.o -IC:\Keil_v5\ARM\RV31\INC -I
C:\Keil_v5\ARM\CMSIS\Include -IC:\Keil_v5\ARM\INC\Philips --predefine="__EVAL S
ETA 1" --predefine="__UVISION_VERSION SETA 528" --list=.\listings\lab-3-1-flags
.lst Lab-3-1-Flags.s



ARM Macro Assembler    Page 1 Alphabetic symbol ordering
Relocatable symbols

RESET 00000000

Symbol: RESET
   Definitions
      At line 6 in file Lab-3-1-Flags.s
   Uses
      None
Comment: RESET unused
STOP 00000038

Symbol: STOP
   Definitions
      At line 24 in file Lab-3-1-Flags.s
   Uses
      At line 24 in file Lab-3-1-Flags.s
Comment: STOP used once
2 symbols
336 symbols in table
