


ARM Macro Assembler    Page 1 


    1 00000000         ;
    2 00000000         ; CS1022 Introduction to Computing II 2018/2019
    3 00000000         ; Lab 1 - Array Move
    4 00000000         ;
    5 00000000         
    6 00000000 00000010 
                       N       EQU              16          ; number of element
                                                            s
    7 00000000         
    8 00000000                 AREA             globals, DATA, READWRITE
    9 00000000         
   10 00000000         ; N word-size values
   11 00000000         
   12 00000000 00 00 00 
              00 00 00 
              00 00 00 
              00 00 00 
              00 00 00 
              00 00 00 
              00 00 00 
              00 00 00 
              00 00 00 
              00 00 00 
              00 00 00 
              00 00 00 
              00 00 00 
              00 00 00 
              00 00 00 
              00 00 00 
              00 00 00 
              00 00 00 
              00 00 00 
              00 00 00 
              00 00 00 
              00       ARRAY   SPACE            N*4         ; N words
   13 00000040         
   14 00000040         
   15 00000040                 AREA             RESET, CODE, READONLY
   16 00000000                 ENTRY
   17 00000000         
   18 00000000         ; for convenience, let's initialise test array [0, 1, 2,
                        ... , N-1]
   19 00000000         
   20 00000000 E59F0074        LDR              R0, =ARRAY
   21 00000004 E3A01000        LDR              R1, =0
   22 00000008 E3510010 
                       L1      CMP              R1, #N
   23 0000000C 2A000002        BHS              L2
   24 00000010 E7801101        STR              R1, [R0, R1, LSL #2]
   25 00000014 E2811001        ADD              R1, R1, #1
   26 00000018 EAFFFFFA        B                L1
   27 0000001C         L2
   28 0000001C         
   29 0000001C         ; initialise registers for your program
   30 0000001C         
   31 0000001C E59F0058        LDR              R0, =ARRAY
   32 00000020 E3A01006        LDR              R1, =6
   33 00000024 E3A02003        LDR              R2, =3
   34 00000028 E3A03010        LDR              R3, =N



ARM Macro Assembler    Page 2 


   35 0000002C E2829001        ADD              R9, R2, #1
   36 00000030         ; your program goes here
   37 00000030         
   38 00000030         
   39 00000030 E1520003        CMP              R2, R3      ;  if (R2 > R3)
   40 00000034 2A00000F        BHS              notInArray  ;  { (*input invali
                                                            d*)}
   41 00000038 E7907101        LDR              R7, [R0, R1, LSL #2] ; 6 in R7
   42 0000003C E7908102        LDR              R8, [R0, R2, LSL #2] ; 3 in R8
   43 00000040 E2425001        SUB              R5, R2, #1  ; 2 in R5
   44 00000044 E2416001        SUB              R6, R1, #1  ; 5 in R6
   45 00000048 E1A04001        MOV              R4, R1      ; 6 in R4
   46 0000004C         copyingArray
   47 0000004C E1540009        CMP              R4, R9
   48 00000050 0A000006        BEQ              store
   49 00000054 E1560005        CMP              R6, R5
   50 00000058 0A000004        BEQ              store
   51 0000005C E790A106        LDR              R10, [R0, R6, LSL #2]
   52 00000060 E780A104        STR              R10, [R0, R4, LSL #2]
   53 00000064 E2466001        SUB              R6, R6, #1
   54 00000068 E2444001        SUB              R4, R4, #1
   55 0000006C EAFFFFF6        B                copyingArray
   56 00000070         
   57 00000070         store
   58 00000070 E7807102        STR              R7, [R0, R2, LSL #2]
   59 00000074 E7808104        STR              R8, [R0, R4, LSL #2]
   60 00000078         
   61 00000078         notInArray
   62 00000078         
   63 00000078 EAFFFFFE 
                       STOP    B                STOP
   64 0000007C         
   65 0000007C                 END
              00000000 
Command Line: --debug --xref --diag_suppress=9931 --apcs=interwork --depend=.\o
bjects\lab1-array-move.d -o.\objects\lab1-array-move.o -IC:\Keil_v5\ARM\RV31\IN
C -IC:\Keil_v5\ARM\CMSIS\Include -IC:\Keil_v5\ARM\INC\Philips --predefine="__EV
AL SETA 1" --predefine="__UVISION_VERSION SETA 528" --list=.\listings\lab1-arra
y-move.lst lab1-array-move.s



ARM Macro Assembler    Page 1 Alphabetic symbol ordering
Relocatable symbols

ARRAY 00000000

Symbol: ARRAY
   Definitions
      At line 12 in file lab1-array-move.s
   Uses
      At line 20 in file lab1-array-move.s
      At line 31 in file lab1-array-move.s

globals 00000000

Symbol: globals
   Definitions
      At line 8 in file lab1-array-move.s
   Uses
      None
Comment: globals unused
2 symbols



ARM Macro Assembler    Page 1 Alphabetic symbol ordering
Relocatable symbols

L1 00000008

Symbol: L1
   Definitions
      At line 22 in file lab1-array-move.s
   Uses
      At line 26 in file lab1-array-move.s
Comment: L1 used once
L2 0000001C

Symbol: L2
   Definitions
      At line 27 in file lab1-array-move.s
   Uses
      At line 23 in file lab1-array-move.s
Comment: L2 used once
RESET 00000000

Symbol: RESET
   Definitions
      At line 15 in file lab1-array-move.s
   Uses
      None
Comment: RESET unused
STOP 00000078

Symbol: STOP
   Definitions
      At line 63 in file lab1-array-move.s
   Uses
      At line 63 in file lab1-array-move.s
Comment: STOP used once
copyingArray 0000004C

Symbol: copyingArray
   Definitions
      At line 46 in file lab1-array-move.s
   Uses
      At line 55 in file lab1-array-move.s
Comment: copyingArray used once
notInArray 00000078

Symbol: notInArray
   Definitions
      At line 61 in file lab1-array-move.s
   Uses
      At line 40 in file lab1-array-move.s
Comment: notInArray used once
store 00000070

Symbol: store
   Definitions
      At line 57 in file lab1-array-move.s
   Uses
      At line 48 in file lab1-array-move.s
      At line 50 in file lab1-array-move.s

7 symbols



ARM Macro Assembler    Page 1 Alphabetic symbol ordering
Absolute symbols

N 00000010

Symbol: N
   Definitions
      At line 6 in file lab1-array-move.s
   Uses
      At line 12 in file lab1-array-move.s
      At line 22 in file lab1-array-move.s
      At line 34 in file lab1-array-move.s

1 symbol
344 symbols in table
